<?xml version="1.0" encoding="UTF-8"?>
<!-- Generated by org.testng.reporters.JUnitXMLReporter -->
<testsuite hostname="MacBook-Pro.local" name="Default test" tests="3" failures="0" timestamp="16 Mar 2016 13:19:32 GMT" time="90.718" errors="0">
  <testcase name="" time="32.745" classname="web.adverteerder.when_purchasing.Adverteerder_een_should"/>
  <testcase name="" time="27.807" classname="web.adverteerder.when_purchasing.Adverteerder_een_should"/>
  <testcase name="" time="26.97" classname="web.adverteerder.when_purchasing.Adverteerder_een_should"/>
</testsuite> <!-- Default test -->
