<?xml version="1.0" encoding="UTF-8"?>
<testng-results skipped="0" failed="0" total="3" passed="3">
  <reporter-output>
  </reporter-output>
  <suite name="Default suite" duration-ms="90718" started-at="2016-03-16T13:18:01Z" finished-at="2016-03-16T13:19:32Z">
    <groups>
      <group name="purchase">
        <method signature="Adverteerder_een_should.pay_buy_now_price()[pri:0, instance:web.adverteerder.when_purchasing.Adverteerder_een_should@3ac3fd8b]" name="pay_buy_now_price" class="web.adverteerder.when_purchasing.Adverteerder_een_should"/>
        <method signature="Adverteerder_een_should.pay_contract_price()[pri:0, instance:web.adverteerder.when_purchasing.Adverteerder_een_should@3ac3fd8b]" name="pay_contract_price" class="web.adverteerder.when_purchasing.Adverteerder_een_should"/>
        <method signature="Adverteerder_een_should.pay_rate_card_contract_price_with_volume_discount()[pri:0, instance:web.adverteerder.when_purchasing.Adverteerder_een_should@3ac3fd8b]" name="pay_rate_card_contract_price_with_volume_discount" class="web.adverteerder.when_purchasing.Adverteerder_een_should"/>
      </group> <!-- purchase -->
    </groups>
    <test name="Default test" duration-ms="90718" started-at="2016-03-16T13:18:01Z" finished-at="2016-03-16T13:19:32Z">
      <class name="web.adverteerder.when_purchasing.Adverteerder_een_should">
        <test-method status="PASS" signature="init(java.lang.String, java.lang.String, java.lang.String)[pri:0, instance:web.adverteerder.when_purchasing.Adverteerder_een_should@3ac3fd8b]" test-instance-name="" name="init" is-config="true" duration-ms="2815" started-at="2016-03-16T14:18:01Z" finished-at="2016-03-16T14:18:04Z">
          <params>
            <param index="0">
              <value>
                <![CDATA[https://adoptiq100-test.mendixcloud.com/]]>
              </value>
            </param>
            <param index="1">
              <value>
                <![CDATA[firefox]]>
              </value>
            </param>
            <param index="2">
              <value>
                <![CDATA[NL]]>
              </value>
            </param>
          </params>
          <reporter-output>
          </reporter-output>
        </test-method> <!-- init -->
        <test-method status="PASS" signature="login()[pri:0, instance:web.adverteerder.when_purchasing.Adverteerder_een_should@3ac3fd8b]" test-instance-name="" name="login" is-config="true" duration-ms="235" started-at="2016-03-16T14:18:04Z" finished-at="2016-03-16T14:18:04Z">
          <reporter-output>
          </reporter-output>
        </test-method> <!-- login -->
        <test-method status="PASS" signature="pay_buy_now_price()[pri:0, instance:web.adverteerder.when_purchasing.Adverteerder_een_should@3ac3fd8b]" test-instance-name="" name="pay_buy_now_price" duration-ms="32745" started-at="2016-03-16T14:18:04Z" finished-at="2016-03-16T14:18:37Z">
          <reporter-output>
          </reporter-output>
        </test-method> <!-- pay_buy_now_price -->
        <test-method status="PASS" signature="pay_contract_price()[pri:0, instance:web.adverteerder.when_purchasing.Adverteerder_een_should@3ac3fd8b]" test-instance-name="" name="pay_contract_price" duration-ms="27807" started-at="2016-03-16T14:18:37Z" finished-at="2016-03-16T14:19:04Z">
          <reporter-output>
          </reporter-output>
        </test-method> <!-- pay_contract_price -->
        <test-method status="PASS" signature="pay_rate_card_contract_price_with_volume_discount()[pri:0, instance:web.adverteerder.when_purchasing.Adverteerder_een_should@3ac3fd8b]" test-instance-name="" name="pay_rate_card_contract_price_with_volume_discount" duration-ms="26970" started-at="2016-03-16T14:19:04Z" finished-at="2016-03-16T14:19:31Z">
          <reporter-output>
          </reporter-output>
        </test-method> <!-- pay_rate_card_contract_price_with_volume_discount -->
        <test-method status="PASS" signature="destroy()[pri:0, instance:web.adverteerder.when_purchasing.Adverteerder_een_should@3ac3fd8b]" test-instance-name="" name="destroy" is-config="true" duration-ms="135" started-at="2016-03-16T14:19:31Z" finished-at="2016-03-16T14:19:32Z">
          <reporter-output>
          </reporter-output>
        </test-method> <!-- destroy -->
      </class> <!-- web.adverteerder.when_purchasing.Adverteerder_een_should -->
    </test> <!-- Default test -->
  </suite> <!-- Default suite -->
</testng-results>
